BR2_ARCH
BR2_arm
BR2_ARM
BR2_arm1176jzf
BR2_BACKUP
BR2_BINFMT
BR2_BINUTILS
BR2_BZCAT
BR2_BZR
BR2_COMPILER
BR2_CPAN
BR2_CVS
BR2_DEFCONFIG
BR2_DL
BR2_ENABLE
BR2_ENDIAN
BR2_EXTRA
BR2_FORTIFY
BR2_GCC
BR2_GENERATE
BR2_GIT
BR2_GLOBAL
BR2_GNU
BR2_HAVE
BR2_HG
BR2_HOST
BR2_INIT
BR2_INSTALL
BR2_JLEVEL
BR2_KERNEL
BR2_LINUX
BR2_LOCALFILES
BR2_LUAROCKS
BR2_LZCAT
BR2_NEEDS
BR2_OPTIMIZE
BR2_PACKAGE
BR2_PIC
BR2_PRIMARY
BR2_READELF
BR2_RELRO
BR2_ROOTFS
BR2_SCP
BR2_SHARED
BR2_SSP
BR2_STRIP
BR2_SVN
BR2_SYSTEM
BR2_TAR
BR2_TARGET
BR2_TOOLCHAIN
BR2_USE
BR2_WGET
BR2_XTENSA
BR2_XZCAT
BR2_ZCAT
