300,BR2_PACKAGE
94,BR2_TOOLCHAIN
45,BR2_TARGET
16,BR2_LINUX
12,BR2_ARM
9,BR2_ROOTFS
8,BR2_GCC
7,BR2_HOST
4,BR2_SYSTEM
3,BR2_STRIP
3,BR2_ENABLE
3,BR2_BINUTILS
3,BR2_ARCH
2,BR2_XTENSA
2,BR2_USE
2,BR2_SSP
2,BR2_PIC
2,BR2_KERNEL
2,BR2_FORTIFY
2,BR2_BINFMT
1,BR2_ZCAT
1,BR2_XZCAT
1,BR2_WGET
1,BR2_TAR
1,BR2_SVN
1,BR2_SHARED
1,BR2_SCP
1,BR2_RELRO
1,BR2_READELF
1,BR2_PRIMARY
1,BR2_OPTIMIZE
1,BR2_NEEDS
1,BR2_LZCAT
1,BR2_LUAROCKS
1,BR2_LOCALFILES
1,BR2_JLEVEL
1,BR2_INSTALL
1,BR2_INIT
1,BR2_HG
1,BR2_HAVE
1,BR2_GNU
1,BR2_GLOBAL
1,BR2_GIT
1,BR2_GENERATE
1,BR2_EXTRA
1,BR2_ENDIAN
1,BR2_DL
1,BR2_DEFCONFIG
1,BR2_CVS
1,BR2_CPAN
1,BR2_cortex
1,BR2_COMPILER
1,BR2_BZR
1,BR2_BZCAT
1,BR2_BACKUP
1,BR2_arm
