BR2_HAVE_DOT_CONFIG=y
BR2_HOST_GCC_AT_LEAST_4_9=y
BR2_HOST_GCC_AT_LEAST_5=y
BR2_HOST_GCC_AT_LEAST_6=y
BR2_HOST_GCC_AT_LEAST_7=y
BR2_HOST_GCC_AT_LEAST_8=y
BR2_HOST_GCC_AT_LEAST_9=y
BR2_NEEDS_HOST_UTF8_LOCALE=y
BR2_ARCH_HAS_MMU_OPTIONAL=y
BR2_arm=y
BR2_ARCH_HAS_TOOLCHAIN_BUILDROOT=y
BR2_ARCH="arm"
BR2_ENDIAN="LITTLE"
BR2_GCC_TARGET_ABI="aapcs-linux"
BR2_GCC_TARGET_CPU="cortex-a53"
BR2_GCC_TARGET_FPU="neon-vfpv4"
BR2_GCC_TARGET_FLOAT_ABI="hard"
BR2_GCC_TARGET_MODE="arm"
BR2_BINFMT_SUPPORTS_SHARED=y
BR2_READELF_ARCH_NAME="ARM"
BR2_BINFMT_ELF=y
BR2_ARM_CPU_HAS_NEON=y
BR2_ARM_CPU_HAS_FPU=y
BR2_ARM_CPU_HAS_VFPV2=y
BR2_ARM_CPU_HAS_VFPV3=y
BR2_ARM_CPU_HAS_VFPV4=y
BR2_ARM_CPU_HAS_FP_ARMV8=y
BR2_ARM_CPU_HAS_ARM=y
BR2_ARM_CPU_HAS_THUMB2=y
BR2_ARM_CPU_ARMV8A=y
BR2_cortex_a53=y
BR2_ARM_EABIHF=y
BR2_ARM_FPU_NEON_VFPV4=y
BR2_ARM_INSTRUCTIONS_ARM=y
BR2_WGET="wget --passive-ftp -nd -t 3"
BR2_SVN="svn --non-interactive"
BR2_BZR="bzr"
BR2_GIT="git"
BR2_CVS="cvs"
BR2_LOCALFILES="cp"
BR2_SCP="scp"
BR2_HG="hg"
BR2_ZCAT="gzip -d -c"
BR2_BZCAT="bzcat"
BR2_XZCAT="xzcat"
BR2_LZCAT="lzip -d -c"
BR2_TAR_OPTIONS=""
BR2_DEFCONFIG="$(CONFIG_DIR)/defconfig"
BR2_DL_DIR="$(TOPDIR)/dl"
BR2_HOST_DIR="$(BASE_DIR)/host"
BR2_PRIMARY_SITE=""
BR2_BACKUP_SITE="http://sources.buildroot.net"
BR2_KERNEL_MIRROR="https://cdn.kernel.org/pub"
BR2_GNU_MIRROR="http://ftpmirror.gnu.org"
BR2_LUAROCKS_MIRROR="http://rocks.moonscript.org"
BR2_CPAN_MIRROR="http://cpan.metacpan.org"
BR2_JLEVEL=0
BR2_STRIP_strip=y
BR2_STRIP_EXCLUDE_FILES=""
BR2_STRIP_EXCLUDE_DIRS=""
BR2_OPTIMIZE_S=y
BR2_SHARED_LIBS=y
BR2_PACKAGE_OVERRIDE_FILE="$(CONFIG_DIR)/local.mk"
BR2_GLOBAL_PATCH_DIR=""
BR2_COMPILER_PARANOID_UNSAFE_PATH=y
BR2_PIC_PIE_ARCH_SUPPORTS=y
BR2_PIC_PIE=y
BR2_SSP_STRONG=y
BR2_SSP_OPTION="-fstack-protector-strong"
BR2_RELRO_FULL=y
BR2_FORTIFY_SOURCE_ARCH_SUPPORTS=y
BR2_FORTIFY_SOURCE_1=y
BR2_TOOLCHAIN=y
BR2_TOOLCHAIN_USES_GLIBC=y
BR2_TOOLCHAIN_BUILDROOT=y
BR2_TOOLCHAIN_BUILDROOT_VENDOR="buildroot"
BR2_TOOLCHAIN_BUILDROOT_GLIBC=y
BR2_TOOLCHAIN_BUILDROOT_LIBC="glibc"
BR2_KERNEL_HEADERS_AS_KERNEL=y
BR2_PACKAGE_HOST_LINUX_HEADERS_CUSTOM_5_10=y
BR2_PACKAGE_LINUX_HEADERS=y
BR2_PACKAGE_GLIBC=y
BR2_PACKAGE_HOST_BINUTILS_SUPPORTS_CFI=y
BR2_BINUTILS_VERSION_2_35_X=y
BR2_BINUTILS_VERSION="2.35.2"
BR2_BINUTILS_EXTRA_CONFIG_OPTIONS=""
BR2_GCC_VERSION_10_X=y
BR2_GCC_SUPPORTS_DLANG=y
BR2_GCC_VERSION="10.3.0"
BR2_EXTRA_GCC_CONFIG_OPTIONS=""
BR2_TOOLCHAIN_BUILDROOT_CXX=y
BR2_PACKAGE_HOST_GDB_ARCH_SUPPORTS=y
BR2_TOOLCHAIN_SUPPORTS_ALWAYS_LOCKFREE_ATOMIC_INTS=y
BR2_TOOLCHAIN_SUPPORTS_VARIADIC_MI_THUNK=y
BR2_USE_WCHAR=y
BR2_ENABLE_LOCALE=y
BR2_INSTALL_LIBSTDCPP=y
BR2_TOOLCHAIN_HAS_THREADS=y
BR2_TOOLCHAIN_HAS_THREADS_DEBUG=y
BR2_TOOLCHAIN_HAS_THREADS_NPTL=y
BR2_TOOLCHAIN_HAS_SSP=y
BR2_TOOLCHAIN_HAS_SSP_STRONG=y
BR2_TOOLCHAIN_HAS_UCONTEXT=y
BR2_TOOLCHAIN_SUPPORTS_PIE=y
BR2_TOOLCHAIN_EXTRA_LIBS=""
BR2_TOOLCHAIN_HAS_FULL_GETTEXT=y
BR2_USE_MMU=y
BR2_TARGET_OPTIMIZATION=""
BR2_TARGET_LDFLAGS=""
BR2_TOOLCHAIN_HEADERS_AT_LEAST_3_0=y
BR2_TOOLCHAIN_HEADERS_AT_LEAST_3_1=y
BR2_TOOLCHAIN_HEADERS_AT_LEAST_3_2=y
BR2_TOOLCHAIN_HEADERS_AT_LEAST_3_3=y
BR2_TOOLCHAIN_HEADERS_AT_LEAST_3_4=y
BR2_TOOLCHAIN_HEADERS_AT_LEAST_3_5=y
BR2_TOOLCHAIN_HEADERS_AT_LEAST_3_6=y
BR2_TOOLCHAIN_HEADERS_AT_LEAST_3_7=y
BR2_TOOLCHAIN_HEADERS_AT_LEAST_3_8=y
BR2_TOOLCHAIN_HEADERS_AT_LEAST_3_9=y
BR2_TOOLCHAIN_HEADERS_AT_LEAST_3_10=y
BR2_TOOLCHAIN_HEADERS_AT_LEAST_3_11=y
BR2_TOOLCHAIN_HEADERS_AT_LEAST_3_12=y
BR2_TOOLCHAIN_HEADERS_AT_LEAST_3_13=y
BR2_TOOLCHAIN_HEADERS_AT_LEAST_3_14=y
BR2_TOOLCHAIN_HEADERS_AT_LEAST_3_15=y
BR2_TOOLCHAIN_HEADERS_AT_LEAST_3_16=y
BR2_TOOLCHAIN_HEADERS_AT_LEAST_3_17=y
BR2_TOOLCHAIN_HEADERS_AT_LEAST_3_18=y
BR2_TOOLCHAIN_HEADERS_AT_LEAST_3_19=y
BR2_TOOLCHAIN_HEADERS_AT_LEAST_4_0=y
BR2_TOOLCHAIN_HEADERS_AT_LEAST_4_1=y
BR2_TOOLCHAIN_HEADERS_AT_LEAST_4_2=y
BR2_TOOLCHAIN_HEADERS_AT_LEAST_4_3=y
BR2_TOOLCHAIN_HEADERS_AT_LEAST_4_4=y
BR2_TOOLCHAIN_HEADERS_AT_LEAST_4_5=y
BR2_TOOLCHAIN_HEADERS_AT_LEAST_4_6=y
BR2_TOOLCHAIN_HEADERS_AT_LEAST_4_7=y
BR2_TOOLCHAIN_HEADERS_AT_LEAST_4_8=y
BR2_TOOLCHAIN_HEADERS_AT_LEAST_4_9=y
BR2_TOOLCHAIN_HEADERS_AT_LEAST_4_10=y
BR2_TOOLCHAIN_HEADERS_AT_LEAST_4_11=y
BR2_TOOLCHAIN_HEADERS_AT_LEAST_4_12=y
BR2_TOOLCHAIN_HEADERS_AT_LEAST_4_13=y
BR2_TOOLCHAIN_HEADERS_AT_LEAST_4_14=y
BR2_TOOLCHAIN_HEADERS_AT_LEAST_4_15=y
BR2_TOOLCHAIN_HEADERS_AT_LEAST_4_16=y
BR2_TOOLCHAIN_HEADERS_AT_LEAST_4_17=y
BR2_TOOLCHAIN_HEADERS_AT_LEAST_4_18=y
BR2_TOOLCHAIN_HEADERS_AT_LEAST_4_19=y
BR2_TOOLCHAIN_HEADERS_AT_LEAST_4_20=y
BR2_TOOLCHAIN_HEADERS_AT_LEAST_5_0=y
BR2_TOOLCHAIN_HEADERS_AT_LEAST_5_1=y
BR2_TOOLCHAIN_HEADERS_AT_LEAST_5_2=y
BR2_TOOLCHAIN_HEADERS_AT_LEAST_5_3=y
BR2_TOOLCHAIN_HEADERS_AT_LEAST_5_4=y
BR2_TOOLCHAIN_HEADERS_AT_LEAST_5_5=y
BR2_TOOLCHAIN_HEADERS_AT_LEAST_5_6=y
BR2_TOOLCHAIN_HEADERS_AT_LEAST_5_7=y
BR2_TOOLCHAIN_HEADERS_AT_LEAST_5_8=y
BR2_TOOLCHAIN_HEADERS_AT_LEAST_5_9=y
BR2_TOOLCHAIN_HEADERS_AT_LEAST_5_10=y
BR2_TOOLCHAIN_HEADERS_AT_LEAST="5.10"
BR2_TOOLCHAIN_GCC_AT_LEAST_4_3=y
BR2_TOOLCHAIN_GCC_AT_LEAST_4_4=y
BR2_TOOLCHAIN_GCC_AT_LEAST_4_5=y
BR2_TOOLCHAIN_GCC_AT_LEAST_4_6=y
BR2_TOOLCHAIN_GCC_AT_LEAST_4_7=y
BR2_TOOLCHAIN_GCC_AT_LEAST_4_8=y
BR2_TOOLCHAIN_GCC_AT_LEAST_4_9=y
BR2_TOOLCHAIN_GCC_AT_LEAST_5=y
BR2_TOOLCHAIN_GCC_AT_LEAST_6=y
BR2_TOOLCHAIN_GCC_AT_LEAST_7=y
BR2_TOOLCHAIN_GCC_AT_LEAST_8=y
BR2_TOOLCHAIN_GCC_AT_LEAST_9=y
BR2_TOOLCHAIN_GCC_AT_LEAST_10=y
BR2_TOOLCHAIN_GCC_AT_LEAST="10"
BR2_TOOLCHAIN_HAS_MNAN_OPTION=y
BR2_TOOLCHAIN_HAS_SYNC_1=y
BR2_TOOLCHAIN_HAS_SYNC_2=y
BR2_TOOLCHAIN_HAS_SYNC_4=y
BR2_TOOLCHAIN_ARM_HAS_SYNC_8=y
BR2_TOOLCHAIN_HAS_SYNC_8=y
BR2_TOOLCHAIN_HAS_LIBATOMIC=y
BR2_TOOLCHAIN_HAS_ATOMIC=y
BR2_ROOTFS_SKELETON_DEFAULT=y
BR2_TARGET_GENERIC_HOSTNAME="reswarm-device"
BR2_TARGET_GENERIC_ISSUE="Welcome to ReswarmOS"
BR2_TARGET_GENERIC_PASSWD_SHA256=y
BR2_TARGET_GENERIC_PASSWD_METHOD="sha-256"
BR2_INIT_SYSTEMD=y
BR2_ROOTFS_DEVICE_TABLE="system/device_table.txt"
BR2_ROOTFS_MERGED_USR=y
BR2_TARGET_ENABLE_ROOT_LOGIN=y
BR2_TARGET_GENERIC_ROOT_PASSWD="reswarm"
BR2_SYSTEM_BIN_SH_BASH=y
BR2_SYSTEM_BIN_SH="bash"
BR2_TARGET_GENERIC_GETTY=y
BR2_TARGET_GENERIC_GETTY_PORT="tty1"
BR2_TARGET_GENERIC_GETTY_BAUDRATE_KEEP=y
BR2_TARGET_GENERIC_GETTY_BAUDRATE="0"
BR2_TARGET_GENERIC_REMOUNT_ROOTFS_RW=y
BR2_SYSTEM_DHCP=""
BR2_SYSTEM_DEFAULT_PATH="/bin:/sbin:/usr/bin:/usr/sbin"
BR2_ENABLE_LOCALE_PURGE=y
BR2_ENABLE_LOCALE_WHITELIST="C en_US"
BR2_GENERATE_LOCALE=""
BR2_TARGET_TZ_INFO=y
BR2_TARGET_TZ_ZONELIST="default"
BR2_TARGET_LOCALTIME="Etc/UTC"
BR2_ROOTFS_USERS_TABLES=""
BR2_ROOTFS_OVERLAY=""
BR2_ROOTFS_POST_BUILD_SCRIPT="board/raspberrypi3/post-build.sh"
BR2_ROOTFS_POST_FAKEROOT_SCRIPT=""
BR2_ROOTFS_POST_IMAGE_SCRIPT="board/raspberrypi3/post-image.sh"
BR2_ROOTFS_POST_SCRIPT_ARGS="--add-miniuart-bt-overlay"
BR2_LINUX_KERNEL=y
BR2_LINUX_KERNEL_CUSTOM_TARBALL=y
BR2_LINUX_KERNEL_CUSTOM_TARBALL_LOCATION="$(call github,raspberrypi,linux,4afd064509b23882268922824edc5b391a1ea55d)/linux-4afd064509b23882268922824edc5b391a1ea55d.tar.gz"
BR2_LINUX_KERNEL_VERSION="custom"
BR2_LINUX_KERNEL_PATCH=""
BR2_LINUX_KERNEL_USE_DEFCONFIG=y
BR2_LINUX_KERNEL_DEFCONFIG="bcm2709"
BR2_LINUX_KERNEL_CONFIG_FRAGMENT_FILES=""
BR2_LINUX_KERNEL_CUSTOM_LOGO_PATH=""
BR2_LINUX_KERNEL_ZIMAGE=y
BR2_LINUX_KERNEL_GZIP=y
BR2_LINUX_KERNEL_DTS_SUPPORT=y
BR2_LINUX_KERNEL_INTREE_DTS_NAME="bcm2710-rpi-3-b bcm2710-rpi-3-b-plus bcm2710-rpi-cm3"
BR2_LINUX_KERNEL_CUSTOM_DTS_PATH=""
BR2_LINUX_KERNEL_DTB_OVERLAY_SUPPORT=y
BR2_LINUX_KERNEL_NEEDS_HOST_OPENSSL=y
BR2_PACKAGE_BUSYBOX_SHOW_OTHERS=y
BR2_PACKAGE_SKELETON=y
BR2_PACKAGE_HAS_SKELETON=y
BR2_PACKAGE_PROVIDES_SKELETON="skeleton-init-systemd"
BR2_PACKAGE_SKELETON_INIT_COMMON=y
BR2_PACKAGE_SKELETON_INIT_SYSTEMD=y
BR2_PACKAGE_FFMPEG_ARCH_SUPPORTS=y
BR2_PACKAGE_KODI_ARCH_SUPPORTS=y
BR2_PACKAGE_PULSEAUDIO_HAS_ATOMIC=y
BR2_PACKAGE_UNZIP=y
BR2_PACKAGE_XZ=y
BR2_PACKAGE_ZIP=y
BR2_PACKAGE_GDB_ARCH_SUPPORTS=y
BR2_PACKAGE_GOOGLE_BREAKPAD_ARCH_SUPPORTS=y
BR2_PACKAGE_LTP_TESTSUITE_ARCH_SUPPORTS=y
BR2_PACKAGE_LTRACE_ARCH_SUPPORTS=y
BR2_PACKAGE_OPROFILE_ARCH_SUPPORTS=y
BR2_PACKAGE_PLY_ARCH_SUPPORTS=y
BR2_PACKAGE_PTM2HUMAN_ARCH_SUPPORTS=y
BR2_PACKAGE_TCF_AGENT_ARCH="arm"
BR2_PACKAGE_TCF_AGENT_ARCH_SUPPORTS=y
BR2_PACKAGE_TRINITY_ARCH_SUPPORTS=y
BR2_PACKAGE_CMAKE_ARCH_SUPPORTS=y
BR2_PACKAGE_FINDUTILS=y
BR2_PACKAGE_FLEX=y
BR2_PACKAGE_GAWK=y
BR2_PACKAGE_PROVIDES_HOST_GETTEXT="host-gettext-tiny"
BR2_PACKAGE_GREP=y
BR2_PACKAGE_JQ=y
BR2_PACKAGE_SED=y
BR2_PACKAGE_E2FSPROGS=y
BR2_PACKAGE_E2FSPROGS_RESIZE2FS=y
BR2_PACKAGE_EXFAT_UTILS=y
BR2_PACKAGE_SQUASHFS=y
BR2_PACKAGE_SQUASHFS_GZIP=y
BR2_PACKAGE_NETSURF_ARCH_SUPPORTS=y
BR2_PACKAGE_QT5_JSCORE_AVAILABLE=y
BR2_PACKAGE_RPI_FIRMWARE=y
BR2_PACKAGE_RPI_FIRMWARE_VARIANT_PI=y
BR2_PACKAGE_RPI_FIRMWARE_DEFAULT=y
BR2_PACKAGE_RPI_FIRMWARE_BOOT=""
BR2_PACKAGE_RPI_FIRMWARE_INSTALL_DTB_OVERLAYS=y
BR2_PACKAGE_RPI_WIFI_FIRMWARE=y
BR2_PACKAGE_CPUBURN_ARM_ARCH_SUPPORTS=y
BR2_PACKAGE_DBUS=y
BR2_PACKAGE_DBUS_GLIB=y
BR2_PACKAGE_PROVIDES_UDEV="systemd"
BR2_PACKAGE_FLASHROM_ARCH_SUPPORTS=y
BR2_PACKAGE_HWDATA=y
BR2_PACKAGE_HWDATA_PCI_IDS=y
BR2_PACKAGE_HWDATA_USB_IDS=y
BR2_PACKAGE_I2C_TOOLS=y
BR2_PACKAGE_LM_SENSORS=y
BR2_PACKAGE_LM_SENSORS_SENSORS=y
BR2_PACKAGE_LSHW=y
BR2_PACKAGE_PARTED=y
BR2_PACKAGE_SEDUTIL_ARCH_SUPPORTS=y
BR2_PACKAGE_SPI_TOOLS=y
BR2_PACKAGE_UBOOT_TOOLS=y
BR2_PACKAGE_UBOOT_TOOLS_FWPRINTENV=y
BR2_PACKAGE_HAS_UDEV=y
BR2_PACKAGE_USB_MODESWITCH=y
BR2_PACKAGE_HOST_ERLANG_ARCH_SUPPORTS=y
BR2_PACKAGE_ERLANG_ARCH_SUPPORTS=y
BR2_PACKAGE_GAUCHE_ARCH_SUPPORTS=y
BR2_PACKAGE_JIMTCL=y
BR2_PACKAGE_PROVIDES_HOST_LUAINTERPRETER="host-lua"
BR2_PACKAGE_LUAJIT_ARCH_SUPPORTS=y
BR2_PACKAGE_HOST_MONO_ARCH_SUPPORTS=y
BR2_PACKAGE_MONO_ARCH_SUPPORTS=y
BR2_PACKAGE_NODEJS_ARCH_SUPPORTS=y
BR2_PACKAGE_HOST_OPENJDK_BIN_ARCH_SUPPORTS=y
BR2_PACKAGE_OPENJDK_ARCH_SUPPORTS=y
BR2_PACKAGE_FDK_AAC_ARCH_SUPPORTS=y
BR2_PACKAGE_OPENAL_ARCH_SUPPORTS=y
BR2_PACKAGE_WEBRTC_AUDIO_PROCESSING_ARCH_SUPPORTS=y
BR2_PACKAGE_LIBZIP=y
BR2_PACKAGE_ZLIB_NG_ARCH_SUPPORTS=y
BR2_PACKAGE_ZLIB=y
BR2_PACKAGE_LIBZLIB=y
BR2_PACKAGE_HAS_ZLIB=y
BR2_PACKAGE_PROVIDES_ZLIB="libzlib"
BR2_PACKAGE_PROVIDES_HOST_ZLIB="host-libzlib"
BR2_PACKAGE_BOTAN_ARCH_SUPPORTS=y
BR2_PACKAGE_CA_CERTIFICATES=y
BR2_PACKAGE_GNUTLS=y
BR2_PACKAGE_LIBGCRYPT=y
BR2_PACKAGE_LIBGPG_ERROR_ARCH_SUPPORTS=y
BR2_PACKAGE_LIBGPG_ERROR=y
BR2_PACKAGE_LIBGPG_ERROR_SYSCFG="arm-unknown-linux-gnueabi"
BR2_PACKAGE_NETTLE=y
BR2_PACKAGE_OPENSSL=y
BR2_PACKAGE_LIBOPENSSL=y
BR2_PACKAGE_LIBOPENSSL_TARGET_ARCH="linux-armv4"
BR2_PACKAGE_LIBOPENSSL_BIN=y
BR2_PACKAGE_LIBOPENSSL_ENABLE_CHACHA=y
BR2_PACKAGE_LIBOPENSSL_ENABLE_RC5=y
BR2_PACKAGE_LIBOPENSSL_ENABLE_RC2=y
BR2_PACKAGE_LIBOPENSSL_ENABLE_RC4=y
BR2_PACKAGE_LIBOPENSSL_ENABLE_MD2=y
BR2_PACKAGE_LIBOPENSSL_ENABLE_MD4=y
BR2_PACKAGE_LIBOPENSSL_ENABLE_MDC2=y
BR2_PACKAGE_LIBOPENSSL_ENABLE_BLAKE2=y
BR2_PACKAGE_LIBOPENSSL_ENABLE_IDEA=y
BR2_PACKAGE_LIBOPENSSL_ENABLE_SEED=y
BR2_PACKAGE_LIBOPENSSL_ENABLE_DES=y
BR2_PACKAGE_LIBOPENSSL_ENABLE_RMD160=y
BR2_PACKAGE_LIBOPENSSL_ENABLE_WHIRLPOOL=y
BR2_PACKAGE_LIBOPENSSL_ENABLE_BLOWFISH=y
BR2_PACKAGE_LIBOPENSSL_ENABLE_SSL=y
BR2_PACKAGE_LIBOPENSSL_ENABLE_SSL2=y
BR2_PACKAGE_LIBOPENSSL_ENABLE_SSL3=y
BR2_PACKAGE_LIBOPENSSL_ENABLE_WEAK_SSL=y
BR2_PACKAGE_LIBOPENSSL_ENABLE_PSK=y
BR2_PACKAGE_LIBOPENSSL_ENABLE_CAST=y
BR2_PACKAGE_LIBOPENSSL_UNSECURE=y
BR2_PACKAGE_LIBOPENSSL_DYNAMIC_ENGINE=y
BR2_PACKAGE_LIBOPENSSL_ENABLE_COMP=y
BR2_PACKAGE_HAS_OPENSSL=y
BR2_PACKAGE_PROVIDES_OPENSSL="libopenssl"
BR2_PACKAGE_PROVIDES_HOST_OPENSSL="host-libopenssl"
BR2_PACKAGE_MONGODB_ARCH_SUPPORTS=y
BR2_PACKAGE_SQLITE=y
BR2_PACKAGE_LIBCONFUSE=y
BR2_PACKAGE_JPEG_SIMD_SUPPORT=y
BR2_PACKAGE_WEBKITGTK_ARCH_SUPPORTS=y
BR2_PACKAGE_WPEWEBKIT_ARCH_SUPPORTS=y
BR2_PACKAGE_GNU_EFI_ARCH_SUPPORTS=y
BR2_PACKAGE_LIBUSB=y
BR2_PACKAGE_MRAA_ARCH_SUPPORTS=y
BR2_PACKAGE_NE10_ARCH_SUPPORTS=y
BR2_PACKAGE_EXPAT=y
BR2_PACKAGE_JSON_GLIB=y
BR2_PACKAGE_LIBCAMERA_ARCH_SUPPORTS=y
BR2_PACKAGE_LIBOPENH264_ARCH_SUPPORTS=y
BR2_PACKAGE_CANFESTIVAL_ARCH_SUPPORTS=y
BR2_PACKAGE_LIBCURL=y
BR2_PACKAGE_LIBCURL_PROXY_SUPPORT=y
BR2_PACKAGE_LIBCURL_COOKIES_SUPPORT=y
BR2_PACKAGE_LIBCURL_EXTRA_PROTOCOLS_FEATURES=y
BR2_PACKAGE_LIBCURL_OPENSSL=y
BR2_PACKAGE_LIBNDP=y
BR2_PACKAGE_LIBNL=y
BR2_PACKAGE_LIBPCAP=y
BR2_PACKAGE_GMP=y
BR2_PACKAGE_GOBJECT_INTROSPECTION_ARCH_SUPPORTS=y
BR2_PACKAGE_JEMALLOC_ARCH_SUPPORTS=y
BR2_PACKAGE_LAPACK_ARCH_SUPPORTS=y
BR2_PACKAGE_LIBABSEIL_CPP_ARCH_SUPPORTS=y
BR2_PACKAGE_LIBATOMIC_OPS_ARCH_SUPPORTS=y
BR2_PACKAGE_LIBBSD_ARCH_SUPPORTS=y
BR2_PACKAGE_LIBCAP=y
BR2_PACKAGE_LIBEVENT=y
BR2_PACKAGE_LIBFFI=y
BR2_PACKAGE_LIBGLIB2=y
BR2_PACKAGE_LIBNSPR_ARCH_SUPPORT=y
BR2_PACKAGE_LIBSECCOMP_ARCH_SUPPORTS=y
BR2_PACKAGE_LIBSIGSEGV_ARCH_SUPPORTS=y
BR2_PACKAGE_LIBTASN1=y
BR2_PACKAGE_LIBUNWIND_ARCH_SUPPORTS=y
BR2_PACKAGE_LIBURCU_ARCH_SUPPORTS=y
BR2_PACKAGE_LLVM_ARCH_SUPPORTS=y
BR2_PACKAGE_LLVM_TARGET_ARCH="ARM"
BR2_PACKAGE_POCO_ARCH_SUPPORTS=y
BR2_PACKAGE_PROTOBUF_ARCH_SUPPORTS=y
BR2_PACKAGE_TZDATA=y
BR2_PACKAGE_NCURSES=y
BR2_PACKAGE_NCURSES_ADDITIONAL_TERMINFO=""
BR2_PACKAGE_PCRE=y
BR2_PACKAGE_PCRE_UTF=y
BR2_PACKAGE_PCRE_UCP=y
BR2_PACKAGE_READLINE=y
BR2_PACKAGE_BITCOIN_ARCH_SUPPORTS=y
BR2_PACKAGE_QEMU_ARCH_SUPPORTS_TARGET=y
BR2_PACKAGE_SHADOW=y
BR2_PACKAGE_BIND=y
BR2_PACKAGE_BIND_SERVER=y
BR2_PACKAGE_BIND_TOOLS=y
BR2_PACKAGE_BMON=y
BR2_PACKAGE_CRDA=y
BR2_PACKAGE_DHCPCD=y
BR2_PACKAGE_HAPROXY_ARCH_SUPPORTS=y
BR2_PACKAGE_IFTOP=y
BR2_PACKAGE_IFUPDOWN=y
BR2_PACKAGE_IPERF=y
BR2_PACKAGE_IPERF3=y
BR2_PACKAGE_IPROUTE2=y
BR2_PACKAGE_IPTABLES=y
BR2_PACKAGE_IPUTILS=y
BR2_PACKAGE_IPUTILS_ARPING=y
BR2_PACKAGE_IPUTILS_CLOCKDIFF=y
BR2_PACKAGE_IPUTILS_PING=y
BR2_PACKAGE_IPUTILS_RDISC=y
BR2_PACKAGE_IPUTILS_RDISC_SERVER=y
BR2_PACKAGE_IPUTILS_TRACEPATH=y
BR2_PACKAGE_IPUTILS_TRACEROUTE6=y
BR2_PACKAGE_IPUTILS_NINFOD=y
BR2_PACKAGE_IW=y
BR2_PACKAGE_MONGREL2_LIBC_SUPPORTS=y
BR2_PACKAGE_NET_TOOLS=y
BR2_PACKAGE_NETWORK_MANAGER=y
BR2_PACKAGE_NTP=y
BR2_PACKAGE_NTP_NTPD=y
BR2_PACKAGE_OPENSSH=y
BR2_PACKAGE_OPENSSH_CLIENT=y
BR2_PACKAGE_OPENSSH_SERVER=y
BR2_PACKAGE_OPENSSH_KEY_UTILS=y
BR2_PACKAGE_TCPING=y
BR2_PACKAGE_WGET=y
BR2_PACKAGE_WIRELESS_REGDB=y
BR2_PACKAGE_WIRELESS_TOOLS=y
BR2_PACKAGE_WIRELESS_TOOLS_LIB=y
BR2_PACKAGE_WPA_SUPPLICANT=y
BR2_PACKAGE_WPA_SUPPLICANT_NL80211=y
BR2_PACKAGE_WPA_SUPPLICANT_CLI=y
BR2_PACKAGE_WPA_SUPPLICANT_PASSPHRASE=y
BR2_PACKAGE_WPA_SUPPLICANT_CTRL_IFACE=y
BR2_PACKAGE_WPA_SUPPLICANT_DBUS=y
BR2_PACKAGE_BASH=y
BR2_PACKAGE_BASH_COMPLETION=y
BR2_PACKAGE_FILE=y
BR2_PACKAGE_SUDO=y
BR2_PACKAGE_WHICH=y
BR2_PACKAGE_AUDIT_ARCH_SUPPORTS=y
BR2_PACKAGE_CONTAINERD=y
BR2_PACKAGE_COREUTILS=y
BR2_PACKAGE_DEBIANUTILS=y
BR2_PACKAGE_DOCKER_CLI=y
BR2_PACKAGE_DOCKER_ENGINE=y
BR2_PACKAGE_DOCKER_PROXY=y
BR2_PACKAGE_EFIVAR_ARCH_SUPPORTS=y
BR2_PACKAGE_HTOP=y
BR2_PACKAGE_KMOD=y
BR2_PACKAGE_KMOD_TOOLS=y
BR2_PACKAGE_MAKEDUMPFILE_ARCH_SUPPORTS=y
BR2_PACKAGE_PROCPS_NG=y
BR2_PACKAGE_RAUC=y
BR2_PACKAGE_RAUC_NETWORK=y
BR2_PACKAGE_RAUC_JSON=y
BR2_PACKAGE_RUNC=y
BR2_PACKAGE_SYSTEMD_ARCH_SUPPORTS=y
BR2_PACKAGE_SYSTEMD=y
BR2_PACKAGE_SYSTEMD_ANALYZE=y
BR2_PACKAGE_SYSTEMD_PSTORE=y
BR2_PACKAGE_SYSTEMD_HOSTNAMED=y
BR2_PACKAGE_SYSTEMD_HWDB=y
BR2_PACKAGE_SYSTEMD_MYHOSTNAME=y
BR2_PACKAGE_SYSTEMD_NETWORKD=y
BR2_PACKAGE_SYSTEMD_RESOLVED=y
BR2_PACKAGE_SYSTEMD_TIMEDATED=y
BR2_PACKAGE_SYSTEMD_TIMESYNCD=y
BR2_PACKAGE_SYSTEMD_TMPFILES=y
BR2_PACKAGE_SYSTEMD_VCONSOLE=y
BR2_PACKAGE_SYSTEMD_BOOTCHART_ARCH_SUPPORTS=y
BR2_PACKAGE_UTIL_LINUX=y
BR2_PACKAGE_UTIL_LINUX_LIBS=y
BR2_PACKAGE_UTIL_LINUX_LIBBLKID=y
BR2_PACKAGE_UTIL_LINUX_LIBFDISK=y
BR2_PACKAGE_UTIL_LINUX_LIBMOUNT=y
BR2_PACKAGE_UTIL_LINUX_LIBSMARTCOLS=y
BR2_PACKAGE_UTIL_LINUX_LIBUUID=y
BR2_PACKAGE_UTIL_LINUX_BINARIES=y
BR2_PACKAGE_UTIL_LINUX_AGETTY=y
BR2_PACKAGE_UTIL_LINUX_FSCK=y
BR2_PACKAGE_UTIL_LINUX_HWCLOCK=y
BR2_PACKAGE_UTIL_LINUX_MOUNT=y
BR2_PACKAGE_UTIL_LINUX_MOUNTPOINT=y
BR2_PACKAGE_UTIL_LINUX_PIVOT_ROOT=y
BR2_PACKAGE_XVISOR_ARCH_SUPPORTS=y
BR2_PACKAGE_VIM=y
BR2_PACKAGE_VIM_RUNTIME=y
BR2_TARGET_ROOTFS_EXT2=y
BR2_TARGET_ROOTFS_EXT2_4=y
BR2_TARGET_ROOTFS_EXT2_GEN=4
BR2_TARGET_ROOTFS_EXT2_REV=1
BR2_TARGET_ROOTFS_EXT2_LABEL="rootfs"
BR2_TARGET_ROOTFS_EXT2_SIZE="384M"
BR2_TARGET_ROOTFS_EXT2_INODES=0
BR2_TARGET_ROOTFS_EXT2_RESBLKS=5
BR2_TARGET_ROOTFS_EXT2_MKFS_OPTIONS="-O ^64bit"
BR2_TARGET_ROOTFS_EXT2_NONE=y
BR2_TARGET_GRUB2_ARCH_SUPPORTS=y
BR2_TARGET_UBOOT=y
BR2_TARGET_UBOOT_BUILD_SYSTEM_KCONFIG=y
BR2_TARGET_UBOOT_LATEST_VERSION=y
BR2_TARGET_UBOOT_VERSION="2021.07"
BR2_TARGET_UBOOT_PATCH=""
BR2_TARGET_UBOOT_USE_DEFCONFIG=y
BR2_TARGET_UBOOT_BOARD_DEFCONFIG="rpi_3_32b"
BR2_TARGET_UBOOT_CONFIG_FRAGMENT_FILES=""
BR2_TARGET_UBOOT_NEEDS_PYTHON_NONE=y
BR2_TARGET_UBOOT_FORMAT_BIN=y
BR2_TARGET_UBOOT_CUSTOM_DTS_PATH=""
BR2_TARGET_UBOOT_CUSTOM_MAKEOPTS=""
BR2_PACKAGE_HOST_DOSFSTOOLS=y
BR2_PACKAGE_HOST_E2FSPROGS=y
BR2_PACKAGE_HOST_GENIMAGE=y
BR2_PACKAGE_HOST_GO_TARGET_ARCH_SUPPORTS=y
BR2_PACKAGE_HOST_GO_TARGET_CGO_LINKING_SUPPORTS=y
BR2_PACKAGE_HOST_GO_HOST_ARCH_SUPPORTS=y
BR2_PACKAGE_HOST_GO_BOOTSTRAP_ARCH_SUPPORTS=y
BR2_PACKAGE_HOST_GOOGLE_BREAKPAD_ARCH_SUPPORTS=y
BR2_PACKAGE_HOST_KMOD=y
BR2_PACKAGE_HOST_MKPASSWD=y
BR2_PACKAGE_HOST_MTOOLS=y
BR2_PACKAGE_HOST_PATCHELF=y
BR2_PACKAGE_HOST_QEMU_ARCH_SUPPORTS=y
BR2_PACKAGE_HOST_QEMU_SYSTEM_ARCH_SUPPORTS=y
BR2_PACKAGE_HOST_QEMU_USER_ARCH_SUPPORTS=y
BR2_PACKAGE_HOST_RUSTC_ARCH_SUPPORTS=y
BR2_PACKAGE_HOST_RUSTC_ARCH="arm"
BR2_PACKAGE_HOST_RUSTC_ABI="eabihf"
BR2_PACKAGE_PROVIDES_HOST_RUSTC="host-rust-bin"
BR2_PACKAGE_HOST_SYSTEMD=y
BR2_PACKAGE_HOST_TI_CGT_PRU_ARCH_SUPPORTS=y
BR2_PACKAGE_HOST_UTIL_LINUX=y
BR2_TARGET_GRUB2_BUILTIN_MODULES=""
BR2_TARGET_GRUB2_BUILTIN_CONFIG=""
BR2_PACKAGE_REFPOLICY_POLICY_VERSION=""
BR2_TOOLCHAIN_EXTRA_EXTERNAL_LIBS=""
BR2_XTENSA_OVERLAY_DIR=""
BR2_XTENSA_CUSTOM_NAME=""
BR2_TARGET_ROOTFS_EXT2_BLOCKS=0
BR2_TARGET_ROOTFS_EXT2_EXTRA_INODES=0
BR2_TARGET_ROOTFS_EXT2_EXTRA_BLOCKS=0
BR2_TARGET_UBOOT_CUSTOM_PATCH_DIR=""
